
>>> [Wed Sep  8 11:57:18 2021] Error 0g7502: your "self.answer" does not meet the requirements or contains an error in "main_menu"
>>> [Sat Sep 18 13:59:38 2021] Error 0g7502: your "self.answer" does not meet the requirements or contains an error in "main_menu"
>>> [Sat Sep 18 14:00:05 2021] Error 0g7502: your "self.answer" does not meet the requirements or contains an error in "main_menu"
>>> [Mon Sep 20 22:23:13 2021] Error 0g7502: your "self.answer" does not meet the requirements or contains an error in "import_mode"
>>> [Mon Sep 20 22:33:43 2021] Error 0g7502: your "self.answer" does not meet the requirements or contains an error in "main_menu"
>>> [Tue Sep 21 03:11:16 2021] Error 0g7502: your "self.answer" does not meet the requirements or contains an error in "main_menu"
>>> [Tue Sep 21 04:22:12 2021] Error 0g7502: your "self.answer" does not meet the requirements or contains an error in "main_menu"
>>> [Tue Sep 21 14:33:05 2021] Error 0g7502: your "self.answer" does not meet the requirements or contains an error in "main_menu"
>>> [Tue Sep 21 18:46:09 2021] Error 0g7502: your "self.answer" does not meet the requirements or contains an error in "main_menu"
>>> [Tue Sep 21 18:46:14 2021] Error 0g7502: your "self.answer" does not meet the requirements or contains an error in "main_menu"
>>> [Tue Sep 21 18:49:55 2021] Error 0g7502: your "self.answer" does not meet the requirements or contains an error in "main_menu"
>>> [Tue Sep 21 18:57:35 2021] Error 0g7502: your "self.answer" does not meet the requirements or contains an error in "main_menu"
>>> [Tue Sep 21 19:03:21 2021] Error 0g7502: your "self.answer" does not meet the requirements or contains an error in "main_menu"
>>> [Tue Sep 21 22:27:07 2021] Error 0g7502: your "self.answer" does not meet the requirements or contains an error in "main_menu"
>>> [Tue Sep 21 22:43:40 2021] Error 0g7502: your "self.answer" does not meet the requirements or contains an error in "console"
>>> [Tue Sep 21 23:39:17 2021] Error 0g7502: your "self.answer" does not meet the requirements or contains an error in "main_menu"
>>> [Wed Sep 22 23:04:03 2021] Error 0g7502: your "self.answer" does not meet the requirements or contains an error in "main_menu"
>>> [Thu Sep 23 17:31:06 2021] Error 0g7502: your "self.answer" does not meet the requirements or contains an error in "main_menu"
>>> [Thu Sep 23 17:46:25 2021] Error 0g7502: your "self.answer" does not meet the requirements or contains an error in "main_menu"
>>> [Thu Sep 23 18:26:39 2021] Error 0g7502: your "self.answer" does not meet the requirements or contains an error in "main_menu"
>>> [Thu Sep 23 19:19:32 2021] Error 0g7502: your "self.answer" does not meet the requirements or contains an error in "main_menu"
>>> [Thu Sep 23 19:50:46 2021] Error 0g7502: your "self.answer" does not meet the requirements or contains an error in "main_menu"
>>> [Thu Sep 23 20:05:54 2021] Error 0g7502: your "self.answer" does not meet the requirements or contains an error in "main_menu"
>>> [Fri Oct  1 16:14:31 2021] Error 0g7502: your "self.answer" does not meet the requirements or contains an error in "main_menu"
>>> [Fri Oct  1 23:05:36 2021] Error 0g7502: your "self.answer" does not meet the requirements or contains an error in "main_menu"
>>> [Sun Oct  3 20:14:06 2021] Error 0g7502: your "self.answer" does not meet the requirements or contains an error in "main_menu"
>>> [Thu Oct  7 15:21:52 2021] Error 0g7502: your "self.answer" does not meet the requirements or contains an error in "main_menu"
>>> [Thu Oct  7 15:23:28 2021] Error 0g7502: your "self.answer" does not meet the requirements or contains an error in "main_menu"
>>> [Fri Oct  8 14:59:48 2021] Error 0g7502: your "self.answer" does not meet the requirements or contains an error in "import_mode"
>>> [Fri Oct  8 15:21:07 2021] Unexpected error 0g7503: System CRACH///
>>> [Fri Oct  8 17:51:00 2021] Error 0g7502: your "self.answer" does not meet the requirements or contains an error in "main_menu"
>>> [Fri Oct  8 18:06:09 2021] Error 0g7502: your "self.answer" does not meet the requirements or contains an error in "main_menu"
>>> [Sat Oct  9 19:26:01 2021] Error 0g7502: your "self.answer" does not meet the requirements or contains an error in "main_menu"
>>> [Sat Oct  9 19:26:11 2021] Error 0g7502: your "self.answer" does not meet the requirements or contains an error in "main_menu"
>>> [Sat Oct  9 19:26:13 2021] Error 0g7502: your "self.answer" does not meet the requirements or contains an error in "main_menu"
>>> [Sat Oct  9 19:26:24 2021] Error 0g7502: your "self.answer" does not meet the requirements or contains an error in "console"
>>> [Sat Oct  9 19:33:21 2021] Error 0g7502: your "self.answer" does not meet the requirements or contains an error in "coin_Q"
>>> [Sat Oct  9 19:33:24 2021] Error 0g7502: your "self.answer" does not meet the requirements or contains an error in "coin_Q"
>>> [Sat Oct  9 19:33:25 2021] Error 0g7502: your "self.answer" does not meet the requirements or contains an error in "coin_Q"
>>> [Sat Oct  9 19:50:32 2021] Error 0g7502: your "self.answer" does not meet the requirements or contains an error in "main_menu"
>>> [Sat Oct  9 19:57:34 2021] Error 0g7502: your "self.answer" does not meet the requirements or contains an error in "main_menu"
>>> [Sat Oct  9 19:57:40 2021] Unexpected error 0g7503: System CRACH///
>>> [Tue Oct 12 19:58:30 2021] >>> wow!
>>> [Tue Oct 12 19:58:30 2021] Error syntax 0g7504: Mode report incorrect
>>> [Tue Oct 12 19:58:30 2021] Error 0g7502: your "self.answer" does not meet the requirements or contains an error in "ERROR"
>>> [Tue Oct 12 20:01:18 2021] Error 0g7502: your "self.answer" does not meet the requirements or contains an error in "main_menu"
>>> [Tue Oct 12 20:01:19 2021] Error 0g7502: your "self.answer" does not meet the requirements or contains an error in "main_menu"
>>> [Tue Oct 12 20:27:39 2021] Unexpected error 0g7503: System CRACH///
>>> [Tue Oct 12 20:45:28 2021] Error 0g7502: your "self.answer" does not meet the requirements or contains an error in "main_menu"
>>> [Tue Oct 12 20:46:10 2021] >>> wow!
>>> [Tue Oct 12 20:46:11 2021] Error syntax 0g7504: Mode report incorrect
>>> [Tue Oct 12 20:46:11 2021] Error 0g7502: your "self.answer" does not meet the requirements or contains an error in "ERROR"
loading...>
loading...>
loading...>
>>> [Tue Oct 12 22:22:48 2021] Error 0g7502: your "self.answer" does not meet the requirements or contains an error in "main_menu"
>>> [Wed Oct 13 13:26:27 2021] Error 0g7502: your "self.answer" does not meet the requirements or contains an error in "main_menu"
>>> [Wed Oct 13 14:32:36 2021] Error 0g7502: your "self.answer" does not meet the requirements or contains an error in "import_mode"
>>> [Wed Oct 13 14:42:25 2021] Error 0g7502: your "self.answer" does not meet the requirements or contains an error in "main_menu"
>>> [Wed Oct 13 15:49:33 2021] Error syntax 0g7504: Mode reproduct incorrect
>>> [Wed Oct 13 15:49:33 2021] Error 0g7502: your "self.answer" does not meet the requirements or contains an error in "ERROR"
>>> [Wed Oct 13 15:49:33 2021] Unexpected error 0g7503: System CRACH///
>>> [Wed Oct 13 16:26:43 2021] Error 0g7502: your "self.answer" does not meet the requirements or contains an error in "main_menu"
>>> [Wed Oct 13 22:38:56 2021] Error 0g7502: your "self.answer" does not meet the requirements or contains an error in "coin_Q"
>>> [Wed Oct 13 22:39:24 2021] Error 0g7502: your "self.answer" does not meet the requirements or contains an error in "bank_b2"
>>> [Wed Oct 13 22:39:34 2021] Error 0g7502: your "self.answer" does not meet the requirements or contains an error in "bank_b2"
>>> [Wed Oct 13 22:39:36 2021] Error 0g7502: your "self.answer" does not meet the requirements or contains an error in "bank_b2"
>>> [Wed Oct 13 22:39:40 2021] Error 0g7502: your "self.answer" does not meet the requirements or contains an error in "bank_b2"
>>> [Wed Oct 13 22:45:08 2021] Error 0g7502: your "self.answer" does not meet the requirements or contains an error in "bank_b2"
>>> [Wed Oct 13 23:06:06 2021] Error 0g7502: your "self.answer" does not meet the requirements or contains an error in "main_menu"
>>> [Thu Oct 28 09:36:58 2021] Error 0g7502: your "self.answer" does not meet the requirements or contains an error in "main_menu"
>>> [Thu Oct 28 09:37:00 2021] Error 0g7502: your "self.answer" does not meet the requirements or contains an error in "main_menu"
>>> [Thu Oct 28 09:46:00 2021] Error 0g7502: your "self.answer" does not meet the requirements or contains an error in "main_menu"
>>> [Thu Oct 28 09:46:06 2021] Unexpected error 0g7503: System CRACH///
>>> [Thu Oct 28 09:48:17 2021] Unexpected error 0g7503: System CRACH///
>>> [Thu Oct 28 09:48:33 2021] Unexpected error 0g7503: System CRACH///
>>> [Sat Oct 30 23:05:59 2021] Error 0g7502: your "self.answer" does not meet the requirements or contains an error in "main_menu"
>>> [Sat Oct 30 23:06:00 2021] Error 0g7502: your "self.answer" does not meet the requirements or contains an error in "main_menu"
>>> [Sat Oct 30 23:06:11 2021] Error 0g7502: your "self.answer" does not meet the requirements or contains an error in "main_menu"
loading...
>>> [Sat Oct 30 23:12:34 2021] Error syntax 0g7504: Mode reproduct incorrect
>>> [Sat Oct 30 23:12:34 2021] Error 0g7502: your "self.answer" does not meet the requirements or contains an error in "ERROR"
>>> [Sat Oct 30 23:12:34 2021] Unexpected error 0g7503: System CRACH///
>>> [Sat Oct 30 23:18:32 2021] Error 0g7502: your "self.answer" does not meet the requirements or contains an error in "import_mode"
>>> [Sat Oct 30 23:18:46 2021] Error 0g7502: your "self.answer" does not meet the requirements or contains an error in "import_mode"
loading...
>>> [Sat Oct 30 23:28:54 2021] Error 0g7502: your "self.answer" does not meet the requirements or contains an error in "import_mode"
>>> [Sat Oct 30 23:46:00 2021] Error 0g7502: your "self.answer" does not meet the requirements or contains an error in "console"
loading...
>>> [Sun Oct 31 00:14:04 2021] Error syntax 0g7504: Command reproduct incorrect
>>> [Sun Oct 31 00:14:04 2021] Error 0g7502: your "self.answer" does not meet the requirements or contains an error in "ERROR"
>>> [Sun Oct 31 00:14:05 2021] Unexpected error 0g7503: System CRACH///
loading...
>>> [Sun Oct 31 01:08:43 2021] Error 0g7502: your "self.answer" does not meet the requirements or contains an error in "console"
>>> [Sun Oct 31 01:08:55 2021] Error 0g7502: your "self.answer" does not meet the requirements or contains an error in "main_menu"
loading...x}
>>> [Sun Oct 31 01:40:44 2021] Error 0g7502: your "self.answer" does not meet the requirements or contains an error in "main_menu"
>>> [Sun Oct 31 02:02:35 2021] Error 0g7502: your "self.answer" does not meet the requirements or contains an error in "main_menu"
>>> [Sun Oct 31 02:22:19 2021] Error 0g7502: your "self.answer" does not meet the requirements or contains an error in "main_menu"
>>> [Sun Oct 31 02:42:22 2021] Error 0g7502: your "self.answer" does not meet the requirements or contains an error in "main_menu"
>>> [Sun Oct 31 02:44:07 2021] Error 0g7502: your "self.answer" does not meet the requirements or contains an error in "main_menu"
>>> [Sun Oct 31 02:44:10 2021] Error 0g7502: your "self.answer" does not meet the requirements or contains an error in "main_menu"
>>> [Sun Oct 31 02:44:27 2021] Error 0g7502: your "self.answer" does not meet the requirements or contains an error in "main_menu"
>>> [Sun Oct 31 02:44:44 2021] Error 0g7502: your "self.answer" does not meet the requirements or contains an error in "main_menu"
>>> [Sun Oct 31 02:45:12 2021] Error 0g7502: your "self.answer" does not meet the requirements or contains an error in "main_menu"
>>> [Sun Oct 31 03:20:15 2021] Error 0g7502: your "self.answer" does not meet the requirements or contains an error in "main_menu"
>>> [Sun Oct 31 03:20:28 2021] Error 0g7502: your "self.answer" does not meet the requirements or contains an error in "main_menu"
>>> [Sun Oct 31 12:18:05 2021] Error 0g7502: your "self.answer" does not meet the requirements or contains an error in "main_menu"
>>> [Sun Oct 31 13:31:37 2021] Error 0g7502: your "self.answer" does not meet the requirements or contains an error in "main_menu"
>>> [Sun Oct 31 13:42:55 2021] Error 0g7502: your "self.answer" does not meet the requirements or contains an error in "main_menu"
>>> [Sun Oct 31 13:43:06 2021] Error 0g7502: your "self.answer" does not meet the requirements or contains an error in "main_menu"
>>> [Sun Oct 31 14:17:23 2021] Error 0g7502: your "self.answer" does not meet the requirements or contains an error in "main_menu"
>>> [Wed Nov  3 01:10:04 2021] Error 0g7502: your "self.answer" does not meet the requirements or contains an error in "main_menu"
>>> [Wed Nov  3 02:14:27 2021] Error 0g7502: your "self.answer" does not meet the requirements or contains an error in "main_menu"
>>> [Wed Nov  3 03:17:11 2021] Error 0g7502: your "self.answer" does not meet the requirements or contains an error in "main_menu"
>>> [Wed Nov  3 23:25:57 2021] Error 0g7502: your "self.answer" does not meet the requirements or contains an error in "main_menu"
>>> [Wed Nov  3 23:56:12 2021] Error 0g7502: your "self.answer" does not meet the requirements or contains an error in "main_menu"
>>> [Wed Nov  3 23:58:16 2021] Error 0g7502: your "self.answer" does not meet the requirements or contains an error in "console"
==> [Thu Nov  4 00:04:18 2021] Error 0g7502: your "self.answer" does not meet the requirements or contains an error in "console"
<><> [Thu Nov  4 00:11:40 2021] Error 0g7502: your "self.answer" does not meet the requirements or contains an error in "main_menu"
>>> [Thu Nov  4 00:20:28 2021] Error 0g7502: your "self.answer" does not meet the requirements or contains an error in "main_menu"
>>> [Thu Nov  4 00:36:31 2021] Error 0g7502: your "self.answer" does not meet the requirements or contains an error in "main_menu"
>>> [Thu Nov  4 00:41:59 2021] Error 0g7502: your "self.answer" does not meet the requirements or contains an error in "main_menu"
>>> [Thu Nov  4 01:21:43 2021] Error 0g7502: your "self.answer" does not meet the requirements or contains an error in "main_menu"
>>> [Sun Nov  7 02:07:38 2021] Error 0g7502: your "self.answer" does not meet the requirements or contains an error in "main_menu"
==> [Sun Nov  7 02:09:00 2021] Error 0g7502: your "self.answer" does not meet the requirements or contains an error in "main_menu"
==> [Sun Nov  7 02:09:05 2021] Error 0g7502: your "self.answer" does not meet the requirements or contains an error in "main_menu"
>>> [Sun Nov  7 02:27:43 2021] Error 0g7502: your "self.answer" does not meet the requirements or contains an error in "messenger"
>>> [Sat Nov 13 23:36:34 2021] Error 0g7502: your "self.answer" does not meet the requirements or contains an error in "main_menu"
>>> [Sat Nov 13 23:36:41 2021] Error 0g7502: your "self.answer" does not meet the requirements or contains an error in "main_menu"
>>> [Sat Nov 13 23:37:04 2021] Error 0g7502: your "self.answer" does not meet the requirements or contains an error in "main_menu"
>>> [Sat Nov 13 23:37:25 2021] Error 0g7502: your "self.answer" does not meet the requirements or contains an error in "main_menu"
>>> [Mon Nov 15 23:11:16 2021] Error 0g7502: your "self.answer" does not meet the requirements or contains an error in "main_menu"
>>> [Mon Nov 15 23:26:52 2021] Error 0g7502: your "self.answer" does not meet the requirements or contains an error in "import_mode"
>>> [Mon Nov 15 23:26:59 2021] Error 0g7502: your "self.answer" does not meet the requirements or contains an error in "main_menu"
>>> [Tue Nov 16 00:31:08 2021] Error 0g7502: your "self.answer" does not meet the requirements or contains an error in "main_menu"
>>> [Tue Nov 16 00:31:11 2021] Error 0g7502: your "self.answer" does not meet the requirements or contains an error in "console"
>>> [Tue Nov 16 15:53:14 2021] Error 0g7502: your "self.answer" does not meet the requirements or contains an error in "main_menu"
>>> [Tue Nov 16 15:53:20 2021] Error 0g7502: your "self.answer" does not meet the requirements or contains an error in "import_mode"
>>> [Tue Nov 16 15:56:44 2021] Error 0g7502: your "self.answer" does not meet the requirements or contains an error in "console"
>>> [Tue Nov 16 16:11:18 2021] Error 0g7502: your "self.answer" does not meet the requirements or contains an error in "main_menu"
>>> [Tue Nov 16 16:16:02 2021] Error 0g7502: your "self.answer" does not meet the requirements or contains an error in "main_menu"
>>> [Tue Nov 16 16:34:31 2021] Error 0g7502: your "self.answer" does not meet the requirements or contains an error in "main_menu"
>>> [Tue Nov 16 16:54:26 2021] Error 0g7502: your "self.answer" does not meet the requirements or contains an error in "game_play"
>>> [Tue Nov 16 16:56:33 2021] Error 0g7502: your "self.answer" does not meet the requirements or contains an error in "game_play"
>>> [Tue Nov 16 23:05:03 2021] Error 0g7502: your "self.answer" does not meet the requirements or contains an error in "rate"
>>> [Tue Nov 16 23:58:06 2021] Error 0g7502: your "self.answer" does not meet the requirements or contains an error in "main_menu"
>>> [Tue Mar  8 00:25:45 2022] Error 0g7502: your "self.answer" does not meet the requirements or contains an error in "console"
>>> [Tue Mar  8 00:25:48 2022] Error 0g7502: your "self.answer" does not meet the requirements or contains an error in "console"
>>> [Tue Mar  8 00:26:08 2022] Error 0g7502: your "self.answer" does not meet the requirements or contains an error in "main_menu"
>>> [Tue Mar  8 00:26:23 2022] Error 0g7502: your "self.answer" does not meet the requirements or contains an error in "console"
>>> [Tue Mar  8 00:26:34 2022] Error 0g7502: your "self.answer" does not meet the requirements or contains an error in "console"
>>> [Tue Mar  8 00:44:43 2022] Error 0g7502: your "self.answer" does not meet the requirements or contains an error in "main_menu"
>>> [Tue Mar  8 14:01:06 2022] Error syntax 0g7504: Command Command_rt.asc incorrect
>>> [Tue Mar  8 14:02:42 2022] Error syntax 0g7504: Command Command_rt.asc incorrect
>>> [Tue Mar  8 14:06:10 2022] Error 0g7502: your "self.answer" does not meet the requirements or contains an error in "main_menu"
>>> [Tue Mar  8 16:25:11 2022] Error 0g7502: your "self.answer" does not meet the requirements or contains an error in "main_menu"
>>> [Tue Mar  8 16:25:17 2022] Error 0g7502: your "self.answer" does not meet the requirements or contains an error in "main_menu"
>>> [Tue Mar  8 16:29:44 2022] Error 0g7502: your "self.answer" does not meet the requirements or contains an error in "main_menu"
>>> [Tue Mar  8 16:42:59 2022] Error 0g7502: your "self.answer" does not meet the requirements or contains an error in "main_menu"
>>> [Tue Mar  8 16:48:22 2022] Error 0g7502: your "self.answer" does not meet the requirements or contains an error in "messenger"
>>> [Tue Mar  8 21:38:46 2022] Error 0g7502: your "self.answer" does not meet the requirements or contains an error in "main_menu"
>>> [Tue Mar  8 21:55:43 2022] Error 0g7502: your "self.answer" does not meet the requirements or contains an error in "main_menu"
>>> [Tue Mar  8 21:55:45 2022] Error 0g7502: your "self.answer" does not meet the requirements or contains an error in "main_menu"
>>> [Tue Mar  8 21:55:54 2022] Error 0g7502: your "self.answer" does not meet the requirements or contains an error in "main_menu"
>>> [Tue Mar  8 21:55:56 2022] Error 0g7502: your "self.answer" does not meet the requirements or contains an error in "main_menu"
>>> [Tue Mar  8 21:55:57 2022] Error 0g7502: your "self.answer" does not meet the requirements or contains an error in "main_menu"
>>> [Tue Mar  8 21:56:00 2022] Error 0g7502: your "self.answer" does not meet the requirements or contains an error in "main_menu"
>>> [Tue Mar  8 21:56:01 2022] Error 0g7502: your "self.answer" does not meet the requirements or contains an error in "main_menu"
>>> [Tue Mar  8 21:56:03 2022] Error 0g7502: your "self.answer" does not meet the requirements or contains an error in "main_menu"
>>> [Tue Mar  8 22:17:32 2022] Error 0g7502: your "self.answer" does not meet the requirements or contains an error in "main_menu"
>>> [Wed Mar  9 20:31:42 2022] Error 0g7502: your "self.answer" does not meet the requirements or contains an error in "main_menu"
>>> [Wed Mar  9 20:33:14 2022] Error 0g7502: your "self.answer" does not meet the requirements or contains an error in "main_menu"
>>> [Wed Mar  9 20:33:33 2022] Error 0g7502: your "self.answer" does not meet the requirements or contains an error in "main_menu"
>>> [Thu Mar 10 08:37:06 2022] Unexpected error 0g7503: System CRACH///
>>> [Thu Mar 10 08:40:22 2022] Unexpected error 0g7503: System CRACH///
>>> [Thu Mar 10 08:42:48 2022] Unexpected error 0g7503: System CRACH///
>>> [Thu Mar 10 08:47:57 2022] Unexpected error 0g7503: System CRACH///
>>> [Thu Mar 10 08:49:34 2022] Error 0g7502: your "self.answer" does not meet the requirements or contains an error in "main_menu"
>>> [Thu Mar 10 08:49:38 2022] Error 0g7502: your "self.answer" does not meet the requirements or contains an error in "main_menu"
>>> [Thu Mar 10 08:50:39 2022] Error 0g7502: your "self.answer" does not meet the requirements or contains an error in "main_menu"
>>> [Thu Mar 10 09:17:50 2022] Error 0g7502: your "self.answer" does not meet the requirements or contains an error in "main_menu"
>>> [Thu Mar 10 09:22:32 2022] Error 0g7502: your "self.answer" does not meet the requirements or contains an error in "main_menu"
>>> [Thu Mar 10 09:56:46 2022] Error 0g7502: your "self.answer" does not meet the requirements or contains an error in "main_menu"
>>> [Thu Mar 10 09:59:53 2022] Error 0g7502: your "self.answer" does not meet the requirements or contains an error in "main_menu"
>>> [Thu Mar 10 10:13:21 2022] Error 0g7502: your "self.answer" does not meet the requirements or contains an error in "main_menu"
>>> [Thu Mar 10 12:13:26 2022] Error 0g7502: your "self.answer" does not meet the requirements or contains an error in "main_menu"
>>> [Sat Mar 12 22:21:21 2022] Error syntax 0g7507: The command turned out to be a system one - access was denied...
>>> [Thu Mar 24 22:31:40 2022] Error 0g7502: your "self.answer" does not meet the requirements or contains an error in "main_menu"
>>> [Thu Mar 24 22:51:47 2022] Error syntax 0g7504: Mode tap1 incorrect
>>> [Thu Mar 24 22:59:50 2022] Unexpected error 0g7503: System CRACH///
>>> [Thu Mar 24 23:04:36 2022] Unexpected error 0g7503: System CRACH///
>>> [Thu Mar 24 23:10:10 2022] Error syntax 0g7504: Mode tap1 incorrect
>>> [Thu Mar 24 23:32:29 2022] Error syntax 0g7504: Mode tap1 incorrect
>>> [Thu Mar 24 23:36:34 2022] Error syntax 0g7504: Mode tap1 incorrect
>>> [Fri Mar 25 00:26:58 2022] Error 0g7502: your "self.answer" does not meet the requirements or contains an error in "main_menu"
>>> [Fri Mar 25 01:41:10 2022] Error 0g7502: your "self.answer" does not meet the requirements or contains an error in "main_menu"
>>> [Fri Mar 25 02:08:05 2022] Error 0g7502: your "self.answer" does not meet the requirements or contains an error in "main_menu"
>>> [Fri Mar 25 02:34:52 2022] Error 0g7502: your "self.answer" does not meet the requirements or contains an error in "main_menu"
>>> [Fri Mar 25 02:41:18 2022] Error 0g7502: your "self.answer" does not meet the requirements or contains an error in "import_mode"
>>> [Fri Mar 25 02:41:27 2022] Error 0g7502: your "self.answer" does not meet the requirements or contains an error in "import_mode"
>>> [Fri Mar 25 02:45:07 2022] Error 0g7502: your "self.answer" does not meet the requirements or contains an error in "main_menu"
>>> [Fri Mar 25 02:47:55 2022] Error 0g7502: your "self.answer" does not meet the requirements or contains an error in "main_menu"
>>> [Fri Mar 25 02:52:09 2022] Error 0g7502: your "self.answer" does not meet the requirements or contains an error in "main_menu"
:)> [Fri Mar 25 02:57:31 2022] Unexpected error 0g7503: System CRACH///